<?xml version="1.0" encoding="UTF-8"?>
<!-- Generated by org.testng.reporters.JUnitXMLReporter -->
<testsuite ignored="2" hostname="chandans-MacBook-Air.local" failures="0" tests="2" name="Test" time="64.499" errors="0" timestamp="2025-08-09T15:01:46 IST">
  <testcase classname="product.Verifyproduct" name="verifyProduct" time="18.135"/>
  <testcase classname="product.AddProduct" name="addProduct" time="26.242"/>
  <testcase classname="genricUtility.BaseClass" name="@AfterSuite flushReport" time="0.0">
    <ignored/>
  </testcase> <!-- @AfterSuite flushReport -->
  <testcase classname="genricUtility.BaseClass" name="@BeforeSuite setupExtent" time="0.0">
    <ignored/>
  </testcase> <!-- @BeforeSuite setupExtent -->
</testsuite> <!-- Test -->
